<?xml version="1.0" encoding="UTF-8"?>
<!-- Generated by org.testng.reporters.JUnitXMLReporter -->
<testsuite ignored="0" hostname="DESKTOP-BNBCF1M" failures="1" tests="1" name="firefoxTest" time="58.746" errors="0" timestamp="2025-07-29T23:42:43 IST">
  <testcase classname="testCases.TC_01_AccountRegistrationTest" name="verify_account_registration" time="11.989">
    <failure type="java.lang.AssertionError" message="expected [Your Account Has Been Created!] but found [Unable to locate element: //h1[normalize-space()=&amp;apos;Your Account Has Been Created!&amp;apos;]
For documentation on this error, please visit: https://www.selenium.dev/documentation/webdriver/troubleshooting/errors#no-such-element-exception
Build info: version: &amp;apos;4.21.0&amp;apos;, revision: &amp;apos;79ed462ef4&amp;apos;
System info: os.name: &amp;apos;Windows 10&amp;apos;, os.arch: &amp;apos;amd64&amp;apos;, os.version: &amp;apos;10.0&amp;apos;, java.version: &amp;apos;21.0.7&amp;apos;
Driver info: org.openqa.selenium.firefox.FirefoxDriver
Command: [6442a0a8-4acc-4b25-9144-7ff4e9b408ef, findElement {using=xpath, value=//h1[normalize-space()=&amp;apos;Your Account Has Been Created!&amp;apos;]}]
Capabilities {acceptInsecureCerts: true, browserName: firefox, browserVersion: 141.0, moz:accessibilityChecks: false, moz:buildID: 20250717180000, moz:geckodriverVersion: 0.36.0, moz:headless: false, moz:platformVersion: 10.0, moz:processID: 15268, moz:profile: C:\Users\sai\AppData\Local\..., moz:shutdownTimeout: 60000, moz:webdriverClick: true, moz:windowless: false, pageLoadStrategy: normal, platformName: windows, proxy: Proxy(), setWindowRect: true, strictFileInteractability: false, timeouts: {implicit: 0, pageLoad: 300000, script: 30000}, unhandledPromptBehavior: dismiss and notify, userAgent: Mozilla/5.0 (Windows NT 10....}
Session ID: 6442a0a8-4acc-4b25-9144-7ff4e9b408ef]">
      <![CDATA[java.lang.AssertionError: expected [Your Account Has Been Created!] but found [Unable to locate element: //h1[normalize-space()='Your Account Has Been Created!']
For documentation on this error, please visit: https://www.selenium.dev/documentation/webdriver/troubleshooting/errors#no-such-element-exception
Build info: version: '4.21.0', revision: '79ed462ef4'
System info: os.name: 'Windows 10', os.arch: 'amd64', os.version: '10.0', java.version: '21.0.7'
Driver info: org.openqa.selenium.firefox.FirefoxDriver
Command: [6442a0a8-4acc-4b25-9144-7ff4e9b408ef, findElement {using=xpath, value=//h1[normalize-space()='Your Account Has Been Created!']}]
Capabilities {acceptInsecureCerts: true, browserName: firefox, browserVersion: 141.0, moz:accessibilityChecks: false, moz:buildID: 20250717180000, moz:geckodriverVersion: 0.36.0, moz:headless: false, moz:platformVersion: 10.0, moz:processID: 15268, moz:profile: C:\Users\sai\AppData\Local\..., moz:shutdownTimeout: 60000, moz:webdriverClick: true, moz:windowless: false, pageLoadStrategy: normal, platformName: windows, proxy: Proxy(), setWindowRect: true, strictFileInteractability: false, timeouts: {implicit: 0, pageLoad: 300000, script: 30000}, unhandledPromptBehavior: dismiss and notify, userAgent: Mozilla/5.0 (Windows NT 10....}
Session ID: 6442a0a8-4acc-4b25-9144-7ff4e9b408ef]
at testCases.TC_01_AccountRegistrationTest.verify_account_registration(TC_01_AccountRegistrationTest.java:29)
at java.base/java.util.ArrayList.forEach(ArrayList.java:1596)
... Removed 31 stack frames]]>
    </failure>
  </testcase> <!-- verify_account_registration -->
</testsuite> <!-- firefoxTest -->
