<?xml version="1.0" encoding="UTF-8"?>
<!-- Generated by org.testng.reporters.JUnitXMLReporter -->
<testsuite ignored="0" hostname="DESKTOP-BNBCF1M" failures="2" tests="5" name="Test" time="56.966" errors="0" timestamp="2026-02-19T08:41:27 IST">
  <testcase classname="testCases.TC_03_LoginDDT" name="verify_loginDDT" time="5.677"/>
  <testcase classname="testCases.TC_03_LoginDDT" name="verify_loginDDT" time="14.337"/>
  <testcase classname="testCases.TC_03_LoginDDT" name="verify_loginDDT" time="13.634"/>
  <testcase classname="testCases.TC_03_LoginDDT" name="verify_loginDDT" time="8.31">
    <failure type="java.lang.AssertionError" message="expected [true] but found [false]">
      <![CDATA[java.lang.AssertionError: expected [true] but found [false]
at testCases.TC_03_LoginDDT.verify_loginDDT(TC_03_LoginDDT.java:48)
at java.base/java.util.ArrayList.forEach(ArrayList.java:1596)
... Removed 29 stack frames]]>
    </failure>
  </testcase> <!-- verify_loginDDT -->
  <testcase classname="testCases.TC_03_LoginDDT" name="verify_loginDDT" time="0.435">
    <failure type="java.lang.AssertionError" message="null">
      <![CDATA[java.lang.AssertionError: null
at testCases.TC_03_LoginDDT.verify_loginDDT(TC_03_LoginDDT.java:59)
at java.base/java.util.ArrayList.forEach(ArrayList.java:1596)
... Removed 27 stack frames]]>
    </failure>
  </testcase> <!-- verify_loginDDT -->
</testsuite> <!-- Test -->
